Using pre-set license
Built from '2020.2/staging' branch; Version is '2020.2.3f1 (8ff31bc5bf5b) revision 9433883'; Using compiler version '192528614'; Build Type 'Release'
OS: 'Windows 10 Home Single Language; OS build 19043.1348; Version 2009; 64bit' Language: 'en' Physical Memory: 8043 MB
BatchMode: 1, IsHumanControllingUs: 0, StartBugReporterOnCrash: 0, Is64bit: 1, IsPro: 0

 COMMAND LINE ARGUMENTS:
D:\ProgramFile\Unity\Document\2020.2.3f1\Editor\Unity.exe
-adb2
-batchMode
-noUpm
-name
AssetImportWorker0
-projectPath
D:/AR Furniture 1
-logFile
Logs/AssetImportWorker0.log
-srvPort
1081
Successfully changed project path to: D:/AR Furniture 1
D:/AR Furniture 1
Using Asset Import Pipeline V2.
Refreshing native plugins compatible for Editor in 43.55 ms, found 0 plugins.
Preloading 0 native plugins for Editor in 0.00 ms.
Initialize engine version: 2020.2.3f1 (8ff31bc5bf5b)
[Subsystems] Discovering subsystems at path D:/ProgramFile/Unity/Document/2020.2.3f1/Editor/Data/Resources/UnitySubsystems
[Subsystems] Discovering subsystems at path D:/AR Furniture 1/Assets
GfxDevice: creating device client; threaded=0
Direct3D:
    Version:  Direct3D 11.0 [level 11.1]
    Renderer: Intel(R) UHD Graphics 620 (ID=0x3ea0)
    Vendor:   
    VRAM:     4021 MB
    Driver:   27.20.100.8681
Initialize mono
Mono path[0] = 'D:/ProgramFile/Unity/Document/2020.2.3f1/Editor/Data/Managed'
Mono path[1] = 'D:/ProgramFile/Unity/Document/2020.2.3f1/Editor/Data/MonoBleedingEdge/lib/mono/unityjit'
Mono config path = 'D:/ProgramFile/Unity/Document/2020.2.3f1/Editor/Data/MonoBleedingEdge/etc'
Using monoOptions --debugger-agent=transport=dt_socket,embedding=1,server=y,suspend=n,address=127.0.0.1:56772
Begin MonoManager ReloadAssembly
Registering precompiled unity dll's ...
Register platform support module: D:/ProgramFile/Unity/Document/2020.2.3f1/Editor/Data/PlaybackEngines/WindowsStandaloneSupport/UnityEditor.WindowsStandalone.Extensions.dll
Registered in 0.138828 seconds.
Native extension for WindowsStandalone target not found
Refreshing native plugins compatible for Editor in 33.60 ms, found 0 plugins.
Preloading 0 native plugins for Editor in 0.00 ms.
Invoked RoslynAnalysisRunner static constructor.
RoslynAnalysisRunner will not be running.
RoslynAnalysisRunner has terminated.
Mono: successfully reloaded assembly
- Completed reload, in  4.807 seconds
Platform modules already initialized, skipping
Registering precompiled user dll's ...
Registered in 0.045205 seconds.
Begin MonoManager ReloadAssembly
Native extension for WindowsStandalone target not found
Refreshing native plugins compatible for Editor in 0.30 ms, found 0 plugins.
Preloading 0 native plugins for Editor in 0.00 ms.
Invoked RoslynAnalysisRunner static constructor.
RoslynAnalysisRunner will not be running.
RoslynAnalysisRunner has terminated.
Mono: successfully reloaded assembly
- Completed reload, in  2.750 seconds
Platform modules already initialized, skipping
========================================================================
Worker process is ready to serve import requests
Launched and connected shader compiler UnityShaderCompiler.exe after 0.06 seconds
Refreshing native plugins compatible for Editor in 0.29 ms, found 0 plugins.
Preloading 0 native plugins for Editor in 0.00 ms.
Unloading 1438 Unused Serialized files (Serialized files now loaded: 0)
System memory in use before: 66.6 MB.
System memory in use after: 66.7 MB.

Unloading 11 unused Assets to reduce memory usage. Loaded Objects now: 1882.
Total: 2.318800 ms (FindLiveObjects: 0.311300 ms CreateObjectMapping: 0.092300 ms MarkObjects: 1.807000 ms  DeleteObjects: 0.107200 ms)

========================================================================
Received Import Request.
  path: Assets/Prefab/Sofa.prefab
  artifactKey: Guid(7e90783a58647994c9042e295cff4265) Importer(815301076,1909f56bfc062723c751e8b465ee728b)
Start importing Assets/Prefab/Sofa.prefab using Guid(7e90783a58647994c9042e295cff4265) Importer(815301076,1909f56bfc062723c751e8b465ee728b)  -> (artifact id: 'acd7cdf60604d45c69f9669c3d57429a') in 0.135263 seconds
  Import took 0.139137 seconds .

========================================================================
Received Import Request.
  Time since last request: 32.348422 seconds.
  path: Assets/Scripts/InputManager.cs
  artifactKey: Guid(269e06d0edd28bd42a9a4a66a27e2c67) Importer(815301076,1909f56bfc062723c751e8b465ee728b)
Start importing Assets/Scripts/InputManager.cs using Guid(269e06d0edd28bd42a9a4a66a27e2c67) Importer(815301076,1909f56bfc062723c751e8b465ee728b)  -> (artifact id: '2d99b7eeae9b5f703966564d257de194') in 0.010461 seconds
  Import took 0.014270 seconds .

========================================================================
Received Import Request.
  Time since last request: 0.029010 seconds.
  path: Assets/Scripts/InputManager.cs
  artifactKey: Guid(269e06d0edd28bd42a9a4a66a27e2c67) Importer(815301076,1909f56bfc062723c751e8b465ee728b)
Start importing Assets/Scripts/InputManager.cs using Guid(269e06d0edd28bd42a9a4a66a27e2c67) Importer(815301076,1909f56bfc062723c751e8b465ee728b)  -> (artifact id: '2d99b7eeae9b5f703966564d257de194') in 0.001947 seconds
  Import took 0.005849 seconds .

AssetImportWorkerClient::OnTransportError - code=2 error=End of file
